------ Zap Log File ------
Path = /Users/markf/Work/Torque-Network-Library/tnl-1.5.0/tnl/osx/build/Development
/Users/markf/Work/Torque-Network-Library/tnl-1.5.0/tnl/osx/build/Development/ZAP
Unable to open level file levels/retrieve1.txt!!
Added level  of type Zapmatch
Unable to open level file levels/retrieve2.txt!!
Added level  of type Zapmatch
Unable to open level file levels/retrieve3.txt!!
Added level  of type Zapmatch
Unable to open level file levels/football1.txt!!
Added level  of type Zapmatch
Unable to open level file levels/football2.txt!!
Added level  of type Zapmatch
Unable to open level file levels/football3.txt!!
Added level  of type Zapmatch
Unable to open level file levels/football4.txt!!
Added level  of type Zapmatch
Unable to open level file levels/football5.txt!!
Added level  of type Zapmatch
Unable to open level file levels/rabbit1.txt!!
Added level  of type Zapmatch
Unable to open level file levels/soccer1.txt!!
Added level  of type Zapmatch
Unable to open level file levels/ctf1.txt!!
Added level  of type Zapmatch
Unable to open level file levels/ctf2.txt!!
Added level  of type Zapmatch
Unable to open level file levels/ctf3.txt!!
Added level  of type Zapmatch
Unable to open level file levels/ctf4.txt!!
Added level  of type Zapmatch
Unable to open level file levels/hunters1.txt!!
Added level  of type Zapmatch
Unable to open level file levels/hunters2.txt!!
Added level  of type Zapmatch
Unable to open level file levels/zm1.txt!!
Added level  of type Zapmatch
Unable to open level file levels/retrieve1.txt!!
IP:Any:0 - connected to server.
